2024-03-12T09:51:44 ::1 /
2024-03-12T09:51:45 ::1 /
2024-03-12T09:51:46 ::1 /
2024-03-12T09:53:25 ::1 /about
2024-03-12T09:53:30 ::1 /login
2024-03-12T09:57:17 ::1 /login
2024-03-12T09:57:24 ::1 /about
2024-03-12T09:57:27 ::1 /
2024-03-12T09:59:46 ::1 /
2024-03-12T10:00:19 ::1 /
2024-03-12T10:12:04 ::1 /54
2024-03-12T10:14:27 ::1 /
2024-03-12T10:19:16 ::1 /45
2024-03-12T10:26:26 ::1 /admin
2024-03-12T10:29:01 ::1 /admin
2024-03-12T10:29:38 ::1 /admin
2024-03-12T10:29:56 ::1 /admin
2024-03-12T18:52:36 ::1 /
2024-03-12T18:52:36 ::1 /favicon.ico
2024-03-12T18:54:48 ::1 /
2024-03-12T18:54:48 ::1 /favicon.ico
2024-03-12T19:01:47 ::1 /login
2024-03-12T19:01:47 ::1 /favicon.ico
2024-03-12T19:02:01 ::1 /login
2024-03-12T19:02:01 ::1 /favicon.ico
2024-03-12T19:02:10 ::1 /login
2024-03-12T19:02:10 ::1 /favicon.ico
2024-03-12T19:02:25 ::1 /login/code=464
2024-03-12T19:02:25 ::1 /favicon.ico
2024-03-12T19:02:28 ::1 /login/code=123
2024-03-12T19:02:28 ::1 /favicon.ico
2024-03-12T19:02:39 ::1 /login
2024-03-12T19:02:39 ::1 /favicon.ico
2024-03-12T19:03:09 ::1 /login
2024-03-12T19:03:09 ::1 /favicon.ico
2024-03-12T19:04:01 ::1 /login/
2024-03-12T19:04:01 ::1 /favicon.ico
2024-03-12T19:04:08 ::1 /login/
2024-03-12T19:04:08 ::1 /favicon.ico
2024-03-12T19:04:19 ::1 /
2024-03-12T19:04:19 ::1 /favicon.ico
2024-03-12T19:04:40 ::1 /about
2024-03-12T19:04:40 ::1 /favicon.ico
2024-03-12T19:05:22 ::1 /admin
2024-03-12T19:05:23 ::1 /favicon.ico
2024-03-12T19:05:31 ::1 /admin
2024-03-12T19:05:31 ::1 /favicon.ico
2024-03-12T19:06:44 ::1 /admin
2024-03-12T19:06:44 ::1 /favicon.ico
2024-03-12T19:10:16 ::1 /123123
2024-03-12T19:10:33 ::1 /123123
2024-03-12T19:10:33 ::1 /favicon.ico
